pt1
256
0.172376
0.025085
pt1
256
0.166934
0.029279
pt1
256
0.172774
0.031273
pt1
512
1.414374
0.203872
pt1
512
1.400054
0.206907
pt1
512
1.394243
0.208887
pt1
1024
16.141756
2.416230
pt1
1024
15.831434
2.379383
pt1
1024
16.159250
2.482226
pt1
2048
345.700043
47.573338
pt1
2048
343.181824
47.973217
pt1
2048
335.424896
45.891300
pt1
4096
3466.452148
476.536886
pt1
4096
3458.037842
478.634392
pt1
4096
3431.398926
468.732674
pt1
8192
30560.941406
4215.087170
pt1
8192
30109.148438
4134.509857
pt1
8192
28274.544922
3657.770118
