precopy
256
0.099668
0.015707
precopy
256
0.101014
0.015241
precopy
256
0.100959
0.014935
precopy
512
0.786151
0.134299
precopy
512
0.783517
0.126683
precopy
512
0.795976
0.125109
precopy
1024
6.523295
0.981172
precopy
1024
6.526438
0.908810
precopy
1024
6.542782
0.960627
precopy
2048
54.631802
7.544792
precopy
2048
56.306210
7.965922
precopy
2048
56.123581
7.914119
precopy
4096
450.331146
61.265732
precopy
4096
453.764740
62.244075
precopy
4096
451.309875
61.247029
precopy
8192
3435.448242
433.743099
precopy
8192
3452.309082
435.202864
precopy
8192
3452.795654
434.554284
