stride
256
0.106094
0.015061
stride
256
0.105266
0.016083
stride
256
0.103505
0.021262
stride
512
0.817690
0.121676
stride
512
0.818639
0.118696
stride
512
0.822455
0.117060
stride
1024
6.599234
1.010307
stride
1024
6.478611
0.934837
stride
1024
6.471535
0.909299
stride
2048
53.349697
7.323883
stride
2048
53.116062
7.188673
stride
2048
52.742950
7.191961
stride
4096
437.816895
59.961486
stride
4096
446.959778
61.944950
stride
4096
448.122986
60.325785
stride
8192
3547.139404
447.934765
stride
8192
3544.467041
446.507631
stride
8192
3544.402832
447.688199
