precopy
256
0.103999
0.014050
precopy
256
0.098016
0.017526
precopy
256
0.096531
0.021347
precopy
512
0.778117
0.128757
precopy
512
0.788523
0.124485
precopy
512
0.782112
0.117867
precopy
1024
6.566060
0.941531
precopy
1024
6.513046
0.932256
precopy
1024
6.517141
0.983291
precopy
2048
54.905430
7.896775
precopy
2048
55.716766
8.077467
precopy
2048
55.911182
8.101842
precopy
4096
452.148590
63.791140
precopy
4096
454.984100
64.182013
precopy
4096
454.342651
67.241894
precopy
8192
3452.427734
436.445567
precopy
8192
3456.963379
435.721432
precopy
8192
3466.173340
438.491082
