256
37330950 
0.086771 
0.086771 
2864443 
0.049692 
0.049693 
256
39907116 
0.086516 
0.086518 
3030338 
0.049837 
0.049838 
256
38065976 
0.087554 
0.087557 
3001926 
0.049947 
0.049955 
512
268929690 
0.739386 
0.739396 
23505513 
0.396387 
0.396389 
512
269024324 
0.730657 
0.730675 
23502164 
0.395920 
0.395920 
512
269073520 
0.727566 
0.727578 
23501997 
0.394737 
0.394750 
1024
2136266350 
9.180991 
9.181252 
180407859 
3.224012 
3.224081 
1024
2142382422 
9.628517 
9.628788 
184397859 
3.218699 
3.218786 
1024
2138277086 
9.590630 
9.590880 
184543436 
3.211724 
3.211811 
2048
18368693560 
169.391830 
169.396004 
1478324094 
26.208076 
26.208596 
2048
17342664425 
166.494553 
166.500280 
1478219345 
26.189447 
26.190162 
2048
17505066703 
166.882538 
166.888145 
1480030408 
26.833927 
26.834678 
4096
188824760186 
1492.446533 
1492.498032 
11708428954 
210.694382 
210.700131 
4096
194836856339 
1492.637329 
1492.692597 
11723460682 
210.698273 
210.704397 
4096
197983996383 
1488.811523 
1488.867220 
11710613045 
211.684631 
211.691430 
8192
2273321807023 
14396.489258 
14397.116875 
104501006843 
1826.837402 
1826.909664 
8192
2270837389058 
14468.480469 
14469.103026 
103112672835 
1705.219849 
1705.271525 
8192
2272455327280 
12958.595703 
12959.065922 
104029806796 
1817.179565 
1817.249843 
