stride
256
0.102209
0.016438
stride
256
0.105283
0.016952
stride
256
0.096121
0.023117
stride
512
0.800517
0.136610
stride
512
0.815266
0.130382
stride
512
0.803616
0.130999
stride
1024
6.940268
1.030226
stride
1024
7.083993
1.069629
stride
1024
6.831983
1.041137
stride
2048
55.904449
7.629988
stride
2048
56.467960
7.685792
stride
2048
55.553951
7.665696
stride
4096
447.034424
60.218927
stride
4096
447.049927
59.906662
stride
4096
446.200195
60.175976
stride
8192
3540.826416
445.510909
stride
8192
3537.234619
445.568081
stride
8192
3537.189941
446.090168
