pt1
256
0.170762
0.025430
pt1
256
0.172984
0.025186
pt1
256
0.166206
0.025599
pt1
512
1.412143
0.198586
pt1
512
1.414508
0.216251
pt1
512
1.398796
0.212552
pt1
1024
14.308392
2.009433
pt1
1024
15.730903
2.252866
pt1
1024
16.472715
2.319693
pt1
2048
338.860565
45.537729
pt1
2048
337.031433
46.503871
pt1
2048
342.566132
47.533523
pt1
4096
3389.469971
464.539395
pt1
4096
3373.143066
453.099876
pt1
4096
3496.091064
472.675285
pt1
8192
29288.154297
3945.109403
pt1
8192
27647.929688
3517.257120
pt1
8192
27282.070312
3437.859960
